../CTF/easy_to_begin/1_RedirectMe/redirectme
--BINWALK--
../CTF/easy_to_begin/1_RedirectMe/redirectme: ELF 32-bit LSB executable, Intel 80386, version 1 (SYSV), dynamically linked, interpreter /lib/ld-linux.so.2, for GNU/Linux 2.6.32, BuildID[sha1]=edef8d7316020efc12e35c62b8703072b117ab3f, not stripped

DECIMAL       HEXADECIMAL     DESCRIPTION
--------------------------------------------------------------------------------
0             0x0             ELF, 32-bit LSB executable, Intel 80386, version 1 (SYSV)
3582          0xDFE           Unix path: /usr/lib/gcc/x86_64-unknown-linux-gnu/5.2.0/include

--CHECKSEC--
RELRO           STACK CANARY      NX            PIE             RPATH      RUNPATH      FILE
[31mNo RELRO     [m   [31mNo canary found[m   [31mNX disabled[m   [31mNo PIE       [m   [32mNo RPATH [m  [32mNo RUNPATH [m  ../CTF/easy_to_begin/1_RedirectMe/redirectme
--STRINGS--
/lib/ld-linux.so.2
libc.so.6
_IO_stdin_used
gets
exit
fopen
perror
puts
putchar
fgetc
fclose
__libc_start_main
__gmon_start__
GLIBC_2.1
GLIBC_2.0
PTRh
UWVS
t$,U
[^_]
flag
Error while opening the file.
Try me
nope
;*2$"
GCC: (GNU) 5.2.0
/usr/lib/gcc/x86_64-unknown-linux-gnu/5.2.0/include
/usr/include/bits
/usr/include
source_redirectme.c
stddef.h
types.h
stdio.h
libio.h
__off64_t
_IO_read_end
size_t
_IO_FILE
_IO_write_base
_IO_buf_end
__pad2
__pad3
source_redirectme.c
_IO_read_ptr
/home/rob/CTF/easy_to_begin/1_RedirectMe
_mode
_chain
_IO_save_base
unsigned char
__pad4
short unsigned int
control
_IO_save_end
_IO_lock_t
_markers
gets
main
_flags2
_sbuf
__quad_t
_old_offset
_lock
GNU C11 5.2.0 -mpreferred-stack-boundary=4 -m32 -mtune=generic -march=x86-64 -g -O0 -fno-stack-protector
_IO_marker
_cur_column
long long unsigned int
_fileno
_IO_buf_base
_next
_vtable_offset
__off_t
_unused2
sizetype
long long int
_IO_write_end
short int
_IO_backup_base
_flags
print_flag
__pad1
_IO_write_ptr
secure_function
__pad5
very_long_buffer
_IO_read_base
_pos
_shortbuf
.symtab
.strtab
.shstrtab
.interp
.note.ABI-tag
.note.gnu.build-id
.gnu.hash
.dynsym
.dynstr
.gnu.version
.gnu.version_r
.rel.dyn
.rel.plt
.init
.text
.fini
.rodata
.eh_frame_hdr
.eh_frame
.init_array
.fini_array
.jcr
.dynamic
.got
.got.plt
.data
.bss
.comment
.debug_aranges
.debug_info
.debug_abbrev
.debug_line
.debug_str
init.c
crtstuff.c
__JCR_LIST__
deregister_tm_clones
register_tm_clones
__do_global_dtors_aux
completed.6875
__do_global_dtors_aux_fini_array_entry
frame_dummy
__frame_dummy_init_array_entry
source_redirectme.c
__FRAME_END__
__JCR_END__
__init_array_end
_DYNAMIC
__init_array_start
_GLOBAL_OFFSET_TABLE_
__libc_csu_fini
_ITM_deregisterTMCloneTable
__x86.get_pc_thunk.bx
data_start
gets@@GLIBC_2.0
_edata
fclose@@GLIBC_2.1
_fini
perror@@GLIBC_2.0
__data_start
puts@@GLIBC_2.0
__gmon_start__
exit@@GLIBC_2.0
__dso_handle
_IO_stdin_used
__libc_start_main@@GLIBC_2.0
__libc_csu_init
fopen@@GLIBC_2.1
putchar@@GLIBC_2.0
_end
_start
_fp_hw
fgetc@@GLIBC_2.0
__bss_start
main
_Jv_RegisterClasses
print_flag
secure_function
__TMC_END__
_ITM_registerTMCloneTable
_init
